2024-04-14 13:42:08,814 INFO Start polling
2024-04-14 13:42:09,205 INFO Run polling for bot @Perp_AI_Bot id=6783264679 - 'TEST BOT'
2024-04-14 13:42:10,870 INFO User what_a_view 1380874424 started chat.
2024-04-14 13:42:11,441 INFO Update id=766337997 is handled. Duration 574 ms by bot id=6783264679
2024-04-14 13:42:13,971 INFO Update id=766337998 is handled. Duration 1328 ms by bot id=6783264679
2024-04-14 13:42:27,644 INFO User 1380874424 tries to pick a Word(word_id = 405, word = roam, word_translation = бродить).
2024-04-14 13:42:27,657 INFO User 1380874424 picked up Word(word_id = 405, word = roam, word_translation = бродить) incorrectly.
2024-04-14 13:42:27,813 INFO Update id=766337999 is handled. Duration 169 ms by bot id=6783264679
2024-04-14 13:42:35,240 INFO Update id=766338000 is handled. Duration 1285 ms by bot id=6783264679
2024-04-14 13:42:44,424 INFO User 1380874424 tries to pick a Word(word_id = 1780, word = plunge, word_translation = погружаться).
2024-04-14 13:42:44,430 INFO User 1380874424 picked up Word(word_id = 1780, word = plunge, word_translation = погружаться) correctly.
2024-04-14 13:42:44,582 INFO Update id=766338001 is handled. Duration 159 ms by bot id=6783264679
2024-04-14 13:42:51,853 INFO User 1380874424 requested stats.
2024-04-14 13:42:52,061 INFO Update id=766338002 is handled. Duration 210 ms by bot id=6783264679
2024-04-14 13:45:04,326 INFO User what_a_view 1380874424 started chat.
2024-04-14 13:45:04,716 INFO User what_a_view 1380874424 started chat.
2024-04-14 13:45:04,906 INFO Update id=766338003 is handled. Duration 581 ms by bot id=6783264679
2024-04-14 13:45:05,152 INFO Update id=766338004 is handled. Duration 611 ms by bot id=6783264679
2024-04-14 13:45:12,881 INFO Update id=766338005 is handled. Duration 1651 ms by bot id=6783264679
2024-04-14 13:45:31,996 INFO User 1380874424 tries to pick a Word(word_id = 333, word = night, word_translation = ночь).
2024-04-14 13:45:32,007 INFO User 1380874424 picked up Word(word_id = 333, word = night, word_translation = ночь) correctly.
2024-04-14 13:45:32,374 INFO Update id=766338006 is handled. Duration 379 ms by bot id=6783264679
2024-04-14 13:45:49,079 INFO User 1380874424 requested stats.
2024-04-14 13:45:49,574 INFO Update id=766338007 is handled. Duration 497 ms by bot id=6783264679
